mode: atomic
github.com/heptiolabs/eventrouter/sinks/eventdata.go:33.61,35.17 2 7
github.com/heptiolabs/eventrouter/sinks/eventdata.go:35.17,40.3 1 5
github.com/heptiolabs/eventrouter/sinks/eventdata.go:40.8,46.3 1 2
github.com/heptiolabs/eventrouter/sinks/eventdata.go:48.2,48.14 1 7
github.com/heptiolabs/eventrouter/sinks/interfaces.go:31.43,34.11 3 4
github.com/heptiolabs/eventrouter/sinks/interfaces.go:35.16,38.40 3 2
github.com/heptiolabs/eventrouter/sinks/interfaces.go:39.10,41.27 2 2
github.com/heptiolabs/eventrouter/sinks/stdoutsink.go:38.57,41.2 1 10
github.com/heptiolabs/eventrouter/sinks/stdoutsink.go:44.68,47.27 2 4
github.com/heptiolabs/eventrouter/sinks/stdoutsink.go:47.27,50.66 3 1
github.com/heptiolabs/eventrouter/sinks/stdoutsink.go:50.66,52.4 1 1
github.com/heptiolabs/eventrouter/sinks/stdoutsink.go:52.9,54.4 1 0
github.com/heptiolabs/eventrouter/sinks/stdoutsink.go:55.8,56.57 1 3
github.com/heptiolabs/eventrouter/sinks/stdoutsink.go:56.57,58.4 1 3
github.com/heptiolabs/eventrouter/sinks/stdoutsink.go:58.9,60.4 1 0
github.com/heptiolabs/eventrouter/eventrouter.go:105.92,106.40 1 5
github.com/heptiolabs/eventrouter/eventrouter.go:106.40,107.28 1 5
github.com/heptiolabs/eventrouter/eventrouter.go:107.28,112.4 4 1
github.com/heptiolabs/eventrouter/eventrouter.go:115.2,128.11 5 5
github.com/heptiolabs/eventrouter/eventrouter.go:132.52,139.56 4 4
github.com/heptiolabs/eventrouter/eventrouter.go:139.56,142.3 2 0
github.com/heptiolabs/eventrouter/eventrouter.go:143.2,143.10 1 4
github.com/heptiolabs/eventrouter/eventrouter.go:147.72,148.27 1 15
github.com/heptiolabs/eventrouter/eventrouter.go:148.27,150.3 1 1
github.com/heptiolabs/eventrouter/eventrouter.go:152.2,152.38 1 14
github.com/heptiolabs/eventrouter/eventrouter.go:152.38,154.3 1 6
github.com/heptiolabs/eventrouter/eventrouter.go:156.2,156.77 1 8
github.com/heptiolabs/eventrouter/eventrouter.go:160.50,162.9 2 10
github.com/heptiolabs/eventrouter/eventrouter.go:162.9,165.3 2 1
github.com/heptiolabs/eventrouter/eventrouter.go:167.2,167.14 1 9
github.com/heptiolabs/eventrouter/eventrouter.go:167.14,170.3 2 1
github.com/heptiolabs/eventrouter/eventrouter.go:172.2,172.46 1 8
github.com/heptiolabs/eventrouter/eventrouter.go:172.46,174.22 2 6
github.com/heptiolabs/eventrouter/eventrouter.go:174.22,176.4 1 6
github.com/heptiolabs/eventrouter/eventrouter.go:176.9,179.4 2 0
github.com/heptiolabs/eventrouter/eventrouter.go:180.3,180.44 1 6
github.com/heptiolabs/eventrouter/eventrouter.go:180.44,182.4 1 6
github.com/heptiolabs/eventrouter/eventrouter.go:183.8,185.3 1 2
github.com/heptiolabs/eventrouter/eventrouter.go:189.76,191.12 2 5
github.com/heptiolabs/eventrouter/eventrouter.go:191.12,194.3 2 1
github.com/heptiolabs/eventrouter/eventrouter.go:196.2,197.12 2 4
github.com/heptiolabs/eventrouter/eventrouter.go:197.12,200.3 2 1
github.com/heptiolabs/eventrouter/eventrouter.go:202.2,202.17 1 3
github.com/heptiolabs/eventrouter/eventrouter.go:202.17,205.3 2 1
github.com/heptiolabs/eventrouter/eventrouter.go:207.2,207.49 1 2
github.com/heptiolabs/eventrouter/eventrouter.go:207.49,209.22 2 2
github.com/heptiolabs/eventrouter/eventrouter.go:209.22,211.4 1 2
github.com/heptiolabs/eventrouter/eventrouter.go:211.9,214.4 2 0
github.com/heptiolabs/eventrouter/eventrouter.go:215.3,215.44 1 2
github.com/heptiolabs/eventrouter/eventrouter.go:215.44,217.4 1 2
github.com/heptiolabs/eventrouter/eventrouter.go:218.8,220.3 1 0
github.com/heptiolabs/eventrouter/eventrouter.go:224.39,225.41 1 14
github.com/heptiolabs/eventrouter/eventrouter.go:225.41,227.3 1 3
github.com/heptiolabs/eventrouter/eventrouter.go:229.2,229.18 1 11
github.com/heptiolabs/eventrouter/eventrouter.go:229.18,232.3 2 1
github.com/heptiolabs/eventrouter/eventrouter.go:235.2,235.38 1 10
github.com/heptiolabs/eventrouter/eventrouter.go:235.38,236.14 1 50
github.com/heptiolabs/eventrouter/eventrouter.go:236.14,238.4 1 9
github.com/heptiolabs/eventrouter/eventrouter.go:239.3,239.11 1 41
github.com/heptiolabs/eventrouter/eventrouter.go:242.2,251.20 8 10
github.com/heptiolabs/eventrouter/eventrouter.go:252.16,254.46 1 6
github.com/heptiolabs/eventrouter/eventrouter.go:255.17,257.46 1 2
github.com/heptiolabs/eventrouter/eventrouter.go:258.14,260.46 1 1
github.com/heptiolabs/eventrouter/eventrouter.go:261.10,264.46 2 1
github.com/heptiolabs/eventrouter/eventrouter.go:267.2,267.16 1 10
github.com/heptiolabs/eventrouter/eventrouter.go:267.16,269.3 1 0
github.com/heptiolabs/eventrouter/eventrouter.go:269.8,272.3 2 10
github.com/heptiolabs/eventrouter/eventrouter.go:276.53,278.9 2 3
github.com/heptiolabs/eventrouter/eventrouter.go:278.9,281.3 2 1
github.com/heptiolabs/eventrouter/eventrouter.go:283.2,283.14 1 2
github.com/heptiolabs/eventrouter/eventrouter.go:283.14,286.3 2 1
github.com/heptiolabs/eventrouter/eventrouter.go:290.2,291.52 1 1
github.com/heptiolabs/eventrouter/main.go:44.35,46.12 2 1
github.com/heptiolabs/eventrouter/main.go:46.12,58.3 5 1
github.com/heptiolabs/eventrouter/main.go:59.2,59.13 1 1
github.com/heptiolabs/eventrouter/main.go:63.49,80.44 12 3
github.com/heptiolabs/eventrouter/main.go:80.44,83.3 1 1
github.com/heptiolabs/eventrouter/main.go:83.8,85.3 1 2
github.com/heptiolabs/eventrouter/main.go:87.2,90.65 2 3
github.com/heptiolabs/eventrouter/main.go:90.65,92.45 2 2
github.com/heptiolabs/eventrouter/main.go:92.45,94.4 1 1
github.com/heptiolabs/eventrouter/main.go:97.2,98.25 2 2
github.com/heptiolabs/eventrouter/main.go:98.25,101.3 2 1
github.com/heptiolabs/eventrouter/main.go:101.8,104.3 2 1
github.com/heptiolabs/eventrouter/main.go:105.2,105.16 1 2
github.com/heptiolabs/eventrouter/main.go:105.16,107.3 1 2
github.com/heptiolabs/eventrouter/main.go:110.2,111.16 2 0
github.com/heptiolabs/eventrouter/main.go:111.16,113.3 1 0
github.com/heptiolabs/eventrouter/main.go:115.2,116.23 2 0
github.com/heptiolabs/eventrouter/main.go:120.13,124.16 3 0
github.com/heptiolabs/eventrouter/main.go:124.16,127.3 2 0
github.com/heptiolabs/eventrouter/main.go:129.2,135.60 4 0
github.com/heptiolabs/eventrouter/main.go:135.60,136.29 1 0
github.com/heptiolabs/eventrouter/main.go:136.29,138.4 1 0
github.com/heptiolabs/eventrouter/main.go:139.3,139.16 1 0
github.com/heptiolabs/eventrouter/main.go:139.16,141.4 1 0
github.com/heptiolabs/eventrouter/main.go:142.3,142.16 1 0
github.com/heptiolabs/eventrouter/main.go:142.16,144.4 1 0
github.com/heptiolabs/eventrouter/main.go:146.3,148.17 3 0
github.com/heptiolabs/eventrouter/main.go:151.2,151.62 1 0
github.com/heptiolabs/eventrouter/main.go:151.62,152.65 1 0
github.com/heptiolabs/eventrouter/main.go:152.65,154.4 1 0
github.com/heptiolabs/eventrouter/main.go:156.3,157.39 2 0
github.com/heptiolabs/eventrouter/main.go:157.39,159.4 1 0
github.com/heptiolabs/eventrouter/main.go:161.3,161.67 1 0
github.com/heptiolabs/eventrouter/main.go:161.67,163.18 2 0
github.com/heptiolabs/eventrouter/main.go:163.18,165.5 1 0
github.com/heptiolabs/eventrouter/main.go:165.10,168.5 2 0
github.com/heptiolabs/eventrouter/main.go:172.2,172.39 1 0
github.com/heptiolabs/eventrouter/main.go:172.39,173.65 1 0
github.com/heptiolabs/eventrouter/main.go:173.65,175.18 2 0
github.com/heptiolabs/eventrouter/main.go:175.18,177.5 1 0
github.com/heptiolabs/eventrouter/main.go:177.10,181.5 3 0
github.com/heptiolabs/eventrouter/main.go:182.9,182.33 1 0
github.com/heptiolabs/eventrouter/main.go:182.33,184.4 1 0
github.com/heptiolabs/eventrouter/main.go:184.9,186.4 1 0
github.com/heptiolabs/eventrouter/main.go:189.2,197.40 5 0
github.com/heptiolabs/eventrouter/main.go:197.40,198.13 1 0
github.com/heptiolabs/eventrouter/main.go:198.13,202.4 3 0
github.com/heptiolabs/eventrouter/main.go:206.2,207.12 2 0
github.com/heptiolabs/eventrouter/main.go:207.12,210.3 2 0
github.com/heptiolabs/eventrouter/main.go:213.2,217.12 5 0
